[handleMsg]:  {
  key: {
    remoteJid: '5493704524749@s.whatsapp.net',
    fromMe: false,
    id: '3EB0235463A13F23DDAB5A',
    participant: undefined
  },
  messageTimestamp: 1746839649,
  pushName: 'Alan ❄️🦋 // Él',
  broadcast: false,
  message: Message {
    conversation: 'hola',
    messageContextInfo: MessageContextInfo {
      deviceListMetadata: [DeviceListMetadata],
      deviceListMetadataVersion: 2,
      messageSecret: [Uint8Array]
    }
  },
  body: 'hola',
  from: '5493704524749'
}
[QUEUE_SE_ENVIO]:  {
  ref: 'ans_9cc0ecd9-8b94-4b8a-916c-25cacd8eeb75',
  keyword: 'key_e51eee50-088b-4c4d-8cc4-d5a2816db134',
  answer: '👋 ¡Bienvenido a Angélica Perniles!\n' +
    'Recuerda que los pedidos deben hacerse con al menos una semana de anticipación ademàs de una seña del 50%.\n',
  options: {
    media: null,
    buttons: [],
    capture: false,
    child: null,
    delay: 0,
    idle: null,
    ref: null,
    nested: [],
    keyword: {},
    callback: true
  },
  refSerialize: 'b5ad9ae879eccf66b0c4749f7fb4a017'
}
[handleMsg]:  {
  key: {
    remoteJid: '5493704524749@s.whatsapp.net',
    fromMe: false,
    id: '3EB001B0C098A165C625D3',
    participant: undefined
  },
  messageTimestamp: 1746839655,
  pushName: 'Alan ❄️🦋 // Él',
  broadcast: false,
  message: Message {
    conversation: '4',
    messageContextInfo: MessageContextInfo {
      deviceListMetadata: [DeviceListMetadata],
      deviceListMetadataVersion: 2,
      messageSecret: [Uint8Array]
    }
  },
  body: '4',
  from: '5493704524749'
}
[handleMsg]:  {
  key: {
    remoteJid: '5493704524749@s.whatsapp.net',
    fromMe: false,
    id: '3EB01696ECF684F661FBF8',
    participant: undefined
  },
  messageTimestamp: 1746839661,
  pushName: 'Alan ❄️🦋 // Él',
  broadcast: false,
  message: Message {
    conversation: '6',
    messageContextInfo: MessageContextInfo {
      deviceListMetadata: [DeviceListMetadata],
      deviceListMetadataVersion: 2,
      messageSecret: [Uint8Array]
    }
  },
  body: '6',
  from: '5493704524749'
}
[QUEUE_SE_ENVIO]:  {
  ref: 'ans_9399ab49-76e7-4559-9448-17d7cc1fce57',
  keyword: 'ans_d5f56b1b-3d2f-4d83-9d6b-a7fbf6edb035',
  answer: '📏 *Elige el tamaño*\n' +
    '\n' +
    '1️⃣ Chica — $6.500\n' +
    '2️⃣ Grande — $7.500\n' +
    '\n' +
    '0️⃣ Cancelar y volver al menú principal\n' +
    '\n' +
    'Responde con el número de tu elección.',
  options: {
    media: null,
    buttons: [],
    capture: true,
    child: null,
    delay: 0,
    idle: null,
    ref: null,
    nested: [],
    keyword: {},
    callback: true
  },
  refSerialize: '02da1e20083c7ad80a81380a8b44f167'
}
[handleMsg]:  {
  key: {
    remoteJid: '5493704524749@s.whatsapp.net',
    fromMe: false,
    id: '3EB098976B877CD6B4614F',
    participant: undefined
  },
  messageTimestamp: 1746839664,
  pushName: 'Alan ❄️🦋 // Él',
  broadcast: false,
  message: Message {
    conversation: '2',
    messageContextInfo: MessageContextInfo {
      deviceListMetadata: [DeviceListMetadata],
      deviceListMetadataVersion: 2,
      messageSecret: [Uint8Array]
    }
  },
  body: '2',
  from: '5493704524749'
}
[handleMsg]:  {
  key: {
    remoteJid: '5493704524749@s.whatsapp.net',
    fromMe: false,
    id: '3EB0A8CD7B4784B7E892CD',
    participant: undefined
  },
  messageTimestamp: 1746839668,
  pushName: 'Alan ❄️🦋 // Él',
  broadcast: false,
  message: Message {
    conversation: '10',
    messageContextInfo: MessageContextInfo {
      deviceListMetadata: [DeviceListMetadata],
      deviceListMetadataVersion: 2,
      messageSecret: [Uint8Array]
    }
  },
  body: '10',
  from: '5493704524749'
}
[handleMsg]:  {
  key: {
    remoteJid: '5493704524749@s.whatsapp.net',
    fromMe: false,
    id: '3EB023624038E7BB8EB6C0',
    participant: undefined
  },
  messageTimestamp: 1746839672,
  pushName: 'Alan ❄️🦋 // Él',
  broadcast: false,
  message: Message {
    conversation: '1',
    messageContextInfo: MessageContextInfo {
      deviceListMetadata: [DeviceListMetadata],
      deviceListMetadataVersion: 2,
      messageSecret: [Uint8Array]
    }
  },
  body: '1',
  from: '5493704524749'
}
[handleMsg]:  {
  key: {
    remoteJid: '5493704524749@s.whatsapp.net',
    fromMe: false,
    id: '3EB01EF1EA55625B3D5A74',
    participant: undefined
  },
  messageTimestamp: 1746839678,
  pushName: 'Alan ❄️🦋 // Él',
  broadcast: false,
  message: Message {
    conversation: '2',
    messageContextInfo: MessageContextInfo {
      deviceListMetadata: [DeviceListMetadata],
      deviceListMetadataVersion: 2,
      messageSecret: [Uint8Array]
    }
  },
  body: '2',
  from: '5493704524749'
}
[handleMsg]:  {
  key: {
    remoteJid: '5493704524749@s.whatsapp.net',
    fromMe: false,
    id: '3EB0947F4D71B2E29EC6F6',
    participant: undefined
  },
  messageTimestamp: 1746839686,
  pushName: 'Alan ❄️🦋 // Él',
  broadcast: false,
  message: Message {
    conversation: '3',
    messageContextInfo: MessageContextInfo {
      deviceListMetadata: [DeviceListMetadata],
      deviceListMetadataVersion: 2,
      messageSecret: [Uint8Array]
    }
  },
  body: '3',
  from: '5493704524749'
}
[handleMsg]:  {
  key: {
    remoteJid: '5493704524749@s.whatsapp.net',
    fromMe: false,
    id: '3EB0EFEB1A0B16FAD6A7C5',
    participant: undefined
  },
  messageTimestamp: 1746839694,
  pushName: 'Alan ❄️🦋 // Él',
  broadcast: false,
  message: Message {
    conversation: '1',
    messageContextInfo: MessageContextInfo {
      deviceListMetadata: [DeviceListMetadata],
      deviceListMetadataVersion: 2,
      messageSecret: [Uint8Array]
    }
  },
  body: '1',
  from: '5493704524749'
}
[handleMsg]:  {
  key: {
    remoteJid: '5493704524749@s.whatsapp.net',
    fromMe: false,
    id: '3EB0C30E2F0A1520080546',
    participant: undefined
  },
  messageTimestamp: 1746839703,
  pushName: 'Alan ❄️🦋 // Él',
  broadcast: false,
  message: Message {
    conversation: '20',
    messageContextInfo: MessageContextInfo {
      deviceListMetadata: [DeviceListMetadata],
      deviceListMetadataVersion: 2,
      messageSecret: [Uint8Array]
    }
  },
  body: '20',
  from: '5493704524749'
}
[handleMsg]:  {
  key: {
    remoteJid: '5493704524749@s.whatsapp.net',
    fromMe: false,
    id: '3EB02887CD195E35442EBA',
    participant: undefined
  },
  messageTimestamp: 1746839710,
  pushName: 'Alan ❄️🦋 // Él',
  broadcast: false,
  message: Message {
    conversation: '1',
    messageContextInfo: MessageContextInfo {
      deviceListMetadata: [DeviceListMetadata],
      deviceListMetadataVersion: 2,
      messageSecret: [Uint8Array]
    }
  },
  body: '1',
  from: '5493704524749'
}
[handleMsg]:  {
  key: {
    remoteJid: '5493704524749@s.whatsapp.net',
    fromMe: false,
    id: '3EB0038763596F39AA3454',
    participant: undefined
  },
  messageTimestamp: 1746839720,
  pushName: 'Alan ❄️🦋 // Él',
  broadcast: false,
  message: Message {
    conversation: '6',
    messageContextInfo: MessageContextInfo {
      deviceListMetadata: [DeviceListMetadata],
      deviceListMetadataVersion: 2,
      messageSecret: [Uint8Array]
    }
  },
  body: '6',
  from: '5493704524749'
}
[handleMsg]:  {
  key: {
    remoteJid: '5493704524749@s.whatsapp.net',
    fromMe: false,
    id: '3EB0267BEADBB36F2A3ABA',
    participant: undefined
  },
  messageTimestamp: 1746839726,
  pushName: 'Alan ❄️🦋 // Él',
  broadcast: false,
  message: Message {
    conversation: '2',
    messageContextInfo: MessageContextInfo {
      deviceListMetadata: [DeviceListMetadata],
      deviceListMetadataVersion: 2,
      messageSecret: [Uint8Array]
    }
  },
  body: '2',
  from: '5493704524749'
}
[handleMsg]:  {
  key: {
    remoteJid: '5493704524749@s.whatsapp.net',
    fromMe: false,
    id: '3EB03696713B3BA12A536C',
    participant: undefined
  },
  messageTimestamp: 1746839734,
  pushName: 'Alan ❄️🦋 // Él',
  broadcast: false,
  message: Message {
    conversation: '2',
    messageContextInfo: MessageContextInfo {
      deviceListMetadata: [DeviceListMetadata],
      deviceListMetadataVersion: 2,
      messageSecret: [Uint8Array]
    }
  },
  body: '2',
  from: '5493704524749'
}
[handleMsg]:  {
  key: {
    remoteJid: '5493704524749@s.whatsapp.net',
    fromMe: false,
    id: '3EB0DC1FFAA9688C7C80E2',
    participant: undefined
  },
  messageTimestamp: 1746839741,
  pushName: 'Alan ❄️🦋 // Él',
  broadcast: false,
  message: Message {
    conversation: '99',
    messageContextInfo: MessageContextInfo {
      deviceListMetadata: [DeviceListMetadata],
      deviceListMetadataVersion: 2,
      messageSecret: [Uint8Array]
    }
  },
  body: '99',
  from: '5493704524749'
}
[handleMsg]:  {
  key: {
    remoteJid: '5493704524749@s.whatsapp.net',
    fromMe: false,
    id: '3EB0081E308C35325DDE5C',
    participant: undefined
  },
  messageTimestamp: 1746839747,
  pushName: 'Alan ❄️🦋 // Él',
  broadcast: false,
  message: Message {
    conversation: '2',
    messageContextInfo: MessageContextInfo {
      deviceListMetadata: [DeviceListMetadata],
      deviceListMetadataVersion: 2,
      messageSecret: [Uint8Array]
    }
  },
  body: '2',
  from: '5493704524749'
}
[handleMsg]:  {
  key: {
    remoteJid: '5493704524749@s.whatsapp.net',
    fromMe: false,
    id: '3EB0226BEBB9EA99EC8208',
    participant: undefined
  },
  messageTimestamp: 1746839752,
  pushName: 'Alan ❄️🦋 // Él',
  broadcast: false,
  message: Message {
    conversation: 'aaaaaaaaa',
    messageContextInfo: MessageContextInfo {
      deviceListMetadata: [DeviceListMetadata],
      deviceListMetadataVersion: 2,
      messageSecret: [Uint8Array]
    }
  },
  body: 'aaaaaaaaa',
  from: '5493704524749'
}
[handleMsg]:  {
  key: {
    remoteJid: '5493704524749@s.whatsapp.net',
    fromMe: false,
    id: '3EB025875B83B9A73BE6A6',
    participant: undefined
  },
  messageTimestamp: 1746839758,
  pushName: 'Alan ❄️🦋 // Él',
  broadcast: false,
  message: Message {
    conversation: '3704245988',
    messageContextInfo: MessageContextInfo {
      deviceListMetadata: [DeviceListMetadata],
      deviceListMetadataVersion: 2,
      messageSecret: [Uint8Array]
    }
  },
  body: '3704245988',
  from: '5493704524749'
}
[handleMsg]:  {
  key: {
    remoteJid: '5493704524749@s.whatsapp.net',
    fromMe: false,
    id: '3EB0A7F4CFB6BA770560C8',
    participant: undefined
  },
  messageTimestamp: 1746839765,
  pushName: 'Alan ❄️🦋 // Él',
  broadcast: false,
  message: Message {
    conversation: 'aaaaaaaa',
    messageContextInfo: MessageContextInfo {
      deviceListMetadata: [DeviceListMetadata],
      deviceListMetadataVersion: 2,
      messageSecret: [Uint8Array]
    }
  },
  body: 'aaaaaaaa',
  from: '5493704524749'
}
[handleMsg]:  {
  key: {
    remoteJid: '5493704524749@s.whatsapp.net',
    fromMe: false,
    id: '3EB0D70CBDC96A08F62AB9',
    participant: undefined
  },
  messageTimestamp: 1746839772,
  pushName: 'Alan ❄️🦋 // Él',
  broadcast: false,
  message: Message {
    conversation: 'aaaaaaaaa',
    messageContextInfo: MessageContextInfo {
      deviceListMetadata: [DeviceListMetadata],
      deviceListMetadataVersion: 2,
      messageSecret: [Uint8Array]
    }
  },
  body: 'aaaaaaaaa',
  from: '5493704524749'
}
[handleMsg]:  {
  key: {
    remoteJid: '5493704524749@s.whatsapp.net',
    fromMe: false,
    id: '3EB039865BA5CAE95FF62A',
    participant: undefined
  },
  messageTimestamp: 1746839783,
  pushName: 'Alan ❄️🦋 // Él',
  broadcast: false,
  message: Message {
    conversation: 'aaaaaa',
    messageContextInfo: MessageContextInfo {
      deviceListMetadata: [DeviceListMetadata],
      deviceListMetadataVersion: 2,
      messageSecret: [Uint8Array]
    }
  },
  body: 'aaaaaa',
  from: '5493704524749'
}
[handleMsg]:  {
  key: {
    remoteJid: '5493704524749@s.whatsapp.net',
    fromMe: false,
    id: '3EB07F4C85CA98EA0A46D3',
    participant: undefined
  },
  messageTimestamp: 1746839800,
  pushName: 'Alan ❄️🦋 // Él',
  broadcast: false,
  message: Message {
    conversation: 'aaaaaaaa',
    messageContextInfo: MessageContextInfo {
      deviceListMetadata: [DeviceListMetadata],
      deviceListMetadataVersion: 2,
      messageSecret: [Uint8Array]
    }
  },
  body: 'aaaaaaaa',
  from: '5493704524749'
}
[handleMsg]:  {
  key: {
    remoteJid: '5493704524749@s.whatsapp.net',
    fromMe: false,
    id: '3EB0C1420D9255047F78A7',
    participant: undefined
  },
  messageTimestamp: 1746839814,
  pushName: 'Alan ❄️🦋 // Él',
  broadcast: false,
  message: Message {
    conversation: '1',
    messageContextInfo: MessageContextInfo {
      deviceListMetadata: [DeviceListMetadata],
      deviceListMetadataVersion: 2,
      messageSecret: [Uint8Array]
    }
  },
  body: '1',
  from: '5493704524749'
}
[handleMsg]:  {
  key: {
    remoteJid: '5493704524749@s.whatsapp.net',
    fromMe: false,
    id: '3EB079E6D892D65ECC1BEF',
    participant: undefined
  },
  messageTimestamp: 1746839820,
  pushName: 'Alan ❄️🦋 // Él',
  broadcast: false,
  message: Message {
    conversation: '1',
    messageContextInfo: MessageContextInfo {
      deviceListMetadata: [DeviceListMetadata],
      deviceListMetadataVersion: 2,
      messageSecret: [Uint8Array]
    }
  },
  body: '1',
  from: '5493704524749'
}
